2026-03-01 16:13:37,570  INFO      Connected to 192.168.13.100:1234
2026-03-01 16:13:37,570  DEBUG     SEND (52 bytes): 34006301010000000200000000000000000000007465616d3200000000000000000000003932764d333150610000000000000000
2026-03-01 16:13:37,570  INFO      SEND LOGIN  username=b'team2'  seq=1
2026-03-01 16:13:37,582  DEBUG     RECV (25 bytes): 1900640100000000010000000200000071a3227e52895d4900
2026-03-01 16:13:37,582  INFO      RECV LOGIN_RESPONSE  seq=0
2026-03-01 16:13:37,582  INFO      LOGIN SUCCESS  session_id=5286532524999353201
2026-03-01 16:14:11,308  INFO      Connected to 192.168.13.100:1234
2026-03-01 16:14:11,308  DEBUG     SEND (52 bytes): 34006301010000000200000000000000000000007465616d3200000000000000000000003932764d333150610000000000000000
2026-03-01 16:14:11,308  INFO      SEND LOGIN  username=b'team2'  seq=1
2026-03-01 16:14:11,308  DEBUG     RECV (25 bytes): 19006401000000000100000002000000de1ef14da2fee4ed00
2026-03-01 16:14:11,308  INFO      RECV LOGIN_RESPONSE  seq=0
2026-03-01 16:14:11,308  INFO      LOGIN SUCCESS  session_id=17142106054724755166
2026-03-01 16:14:53,330  INFO      Connected to 192.168.13.100:1234
2026-03-01 16:14:53,330  DEBUG     SEND (52 bytes): 34006301010000000200000000000000000000007465616d3200000000000000000000003932764d333150610000000000000000
2026-03-01 16:14:53,330  INFO      SEND LOGIN  username=b'team2'  seq=1
2026-03-01 16:14:53,330  DEBUG     RECV (25 bytes): 19006401000000000100000002000000727d2a7d1803280700
2026-03-01 16:14:53,330  INFO      RECV LOGIN_RESPONSE  seq=0
2026-03-01 16:14:53,330  INFO      LOGIN SUCCESS  session_id=515665561047956850
2026-03-01 16:26:00,394  INFO      Connected to 192.168.13.100:1234
2026-03-01 16:26:00,394  DEBUG     SEND (52 bytes): 34006301010000000200000000000000000000007465616d3200000000000000000000003932764d333150610000000000000000
2026-03-01 16:26:00,394  INFO      SEND LOGIN  username=b'team2'  seq=1
2026-03-01 16:26:00,402  DEBUG     RECV (25 bytes): 19006401000000000100000002000000d7b395eeb8212ddf00
2026-03-01 16:26:00,402  INFO      RECV LOGIN_RESPONSE  seq=0
2026-03-01 16:26:00,402  INFO      LOGIN SUCCESS  session_id=16081546922570396631
2026-03-01 17:06:38,355  INFO      Connected to 192.168.13.100:1234
2026-03-01 17:06:38,355  DEBUG     SEND (52 bytes): 34006301010000000200000000000000000000007465616d3200000000000000000000003932764d333150610000000000000000
2026-03-01 17:06:38,355  INFO      SEND LOGIN  username=b'team2'  seq=1
2026-03-01 17:06:38,355  DEBUG     RECV (25 bytes): 190064010000000001000000020000009809fcbeee8459f600
2026-03-01 17:06:38,356  INFO      RECV LOGIN_RESPONSE  seq=0
2026-03-01 17:06:38,356  INFO      LOGIN SUCCESS  session_id=17751365567198792088
2026-03-01 17:07:17,086  INFO      Connected to 192.168.13.100:1234
2026-03-01 17:07:17,086  DEBUG     SEND (52 bytes): 34006301010000000200000000000000000000007465616d3200000000000000000000003932764d333150610000000000000000
2026-03-01 17:07:17,086  INFO      SEND LOGIN  username=b'team2'  seq=1
2026-03-01 17:07:17,086  DEBUG     RECV (25 bytes): 19006401000000000100000002000000de2af3c555ff936b00
2026-03-01 17:07:17,086  INFO      RECV LOGIN_RESPONSE  seq=0
2026-03-01 17:07:17,086  INFO      LOGIN SUCCESS  session_id=7751820127493106398
2026-03-01 17:07:32,604  INFO      Connected to 192.168.13.100:1234
2026-03-01 17:07:32,604  DEBUG     SEND (52 bytes): 34006301010000000200000000000000000000007465616d3200000000000000000000003932764d333150610000000000000000
2026-03-01 17:07:32,605  INFO      SEND LOGIN  username=b'team2'  seq=1
2026-03-01 17:07:32,605  DEBUG     RECV (25 bytes): 19006401000000000100000002000000f0cda096bae034a200
2026-03-01 17:07:32,605  INFO      RECV LOGIN_RESPONSE  seq=0
2026-03-01 17:07:32,605  INFO      LOGIN SUCCESS  session_id=11688214024928939504
2026-03-01 17:07:48,399  INFO      Connected to 192.168.13.100:1234
2026-03-01 17:07:48,399  DEBUG     SEND (52 bytes): 34006301010000000200000000000000000000007465616d3200000000000000000000003932764d333150610000000000000000
2026-03-01 17:07:48,399  INFO      SEND LOGIN  username=b'team2'  seq=1
2026-03-01 17:07:48,399  DEBUG     RECV (25 bytes): 1900640100000000010000000200000028cc8f82440c7b1a00
2026-03-01 17:07:48,399  INFO      RECV LOGIN_RESPONSE  seq=0
2026-03-01 17:07:48,400  INFO      LOGIN SUCCESS  session_id=1908132355509308456
2026-03-01 17:08:04,482  INFO      Connected to 192.168.13.100:1234
2026-03-01 17:08:04,482  DEBUG     SEND (52 bytes): 34006301010000000200000000000000000000007465616d3200000000000000000000003932764d333150610000000000000000
2026-03-01 17:08:04,482  INFO      SEND LOGIN  username=b'team2'  seq=1
2026-03-01 17:08:04,482  DEBUG     RECV (25 bytes): 1900640100000000010000000200000058dbc1c3d250b67000
2026-03-01 17:08:04,482  INFO      RECV LOGIN_RESPONSE  seq=0
2026-03-01 17:08:04,482  INFO      LOGIN SUCCESS  session_id=8121767844166884184
2026-03-01 17:10:23,444  INFO      Connected to 192.168.13.100:1234
2026-03-01 17:10:23,444  DEBUG     SEND (52 bytes): 34006301010000000200000000000000000000007465616d3200000000000000000000003932764d333150610000000000000000
2026-03-01 17:10:23,444  INFO      SEND LOGIN  username=b'team2'  seq=1
2026-03-01 17:10:23,444  DEBUG     RECV (25 bytes): 19006401000000000100000002000000100a714b0b1c110200
2026-03-01 17:10:23,444  INFO      RECV LOGIN_RESPONSE  seq=0
2026-03-01 17:10:23,444  INFO      LOGIN SUCCESS  session_id=148931097515854352
2026-03-01 17:10:38,739  INFO      Connected to 192.168.13.100:1234
2026-03-01 17:10:38,739  DEBUG     SEND (52 bytes): 34006301010000000200000000000000000000007465616d3200000000000000000000003932764d333150610000000000000000
2026-03-01 17:10:38,739  INFO      SEND LOGIN  username=b'team2'  seq=1
2026-03-01 17:10:38,739  DEBUG     RECV (25 bytes): 1900640100000000010000000200000066e3f49d5e3712de00
2026-03-01 17:10:38,739  INFO      RECV LOGIN_RESPONSE  seq=0
2026-03-01 17:10:38,739  INFO      LOGIN SUCCESS  session_id=16001913305517319014
2026-03-01 17:13:12,670  INFO      Connected to 192.168.13.100:1234
2026-03-01 17:13:12,670  DEBUG     SEND (52 bytes): 34006301010000000200000000000000000000007465616d3200000000000000000000003932764d333150610000000000000000
2026-03-01 17:13:12,670  INFO      SEND LOGIN  username=b'team2'  seq=1
2026-03-01 17:13:12,670  DEBUG     RECV (25 bytes): 190064010000000001000000020000000e8d97b6ccd63d0400
2026-03-01 17:13:12,670  INFO      RECV LOGIN_RESPONSE  seq=0
2026-03-01 17:13:12,670  INFO      LOGIN SUCCESS  session_id=305636524456119566
2026-03-01 17:15:09,659  INFO      Connected to 192.168.13.100:1234
2026-03-01 17:15:09,660  DEBUG     SEND (52 bytes): 34006301010000000200000000000000000000007465616d3200000000000000000000003932764d333150610000000000000000
2026-03-01 17:15:09,660  INFO      SEND LOGIN  username=b'team2'  seq=1
2026-03-01 17:15:09,660  DEBUG     RECV (25 bytes): 19006401000000000100000002000000421db7ed7fd21e5c00
2026-03-01 17:15:09,661  INFO      RECV LOGIN_RESPONSE  seq=0
2026-03-01 17:15:09,661  INFO      LOGIN SUCCESS  session_id=6637974347681570114
2026-03-01 17:15:18,931  DEBUG     SEND (42 bytes): 2a0001010200000002000000421db7ed7fd21e5c01000000000000000100000000050000005802000000
2026-03-01 17:15:18,932  INFO      SEND NEW_ORDER  order_id=1  symbol=1  side=BUY  qty=5  price=600  flags=NONE
2026-03-01 17:15:18,932  DEBUG     RECV (33 bytes): 210067010100000002000000020000000100000000000000050000004c04000002
2026-03-01 17:15:18,932  INFO      RECV FILL  seq=1
2026-03-01 17:15:57,742  DEBUG     SEND (42 bytes): 2a0001010300000002000000421db7ed7fd21e5c01000000000000000100000000050000005802000000
2026-03-01 17:15:57,743  INFO      SEND NEW_ORDER  order_id=1  symbol=1  side=BUY  qty=5  price=600  flags=NONE
2026-03-01 17:15:57,743  DEBUG     RECV (33 bytes): 210067010200000003000000020000000100000000000000050000004c04000002
2026-03-01 17:15:57,743  INFO      RECV FILL  seq=2
2026-03-01 17:16:53,771  INFO      Connected to 192.168.13.100:1234
2026-03-01 17:16:53,771  DEBUG     SEND (52 bytes): 34006301010000000200000000000000000000007465616d3200000000000000000000003932764d333150610000000000000000
2026-03-01 17:16:53,771  INFO      SEND LOGIN  username=b'team2'  seq=1
2026-03-01 17:16:53,771  DEBUG     RECV (25 bytes): 1900640100000000010000000200000032580ef8ccd89ce900
2026-03-01 17:16:53,771  INFO      RECV LOGIN_RESPONSE  seq=0
2026-03-01 17:16:53,771  INFO      LOGIN SUCCESS  session_id=16833567882050689074
2026-03-01 17:17:16,086  DEBUG     SEND (42 bytes): 2a000101020000000200000032580ef8ccd89ce901000000000000000100000000050000004e02000000
2026-03-01 17:17:16,087  INFO      SEND NEW_ORDER  order_id=1  symbol=1  side=BUY  qty=5  price=590  flags=NONE
2026-03-01 17:17:16,087  DEBUG     RECV (33 bytes): 210067010100000002000000020000000100000000000000050000004204000002
2026-03-01 17:17:16,087  INFO      RECV FILL  seq=1
2026-03-01 17:17:35,958  DEBUG     SEND (42 bytes): 2a000101030000000200000032580ef8ccd89ce901000000000000000100000000050000004e02000000
2026-03-01 17:17:35,959  INFO      SEND NEW_ORDER  order_id=1  symbol=1  side=BUY  qty=5  price=590  flags=NONE
2026-03-01 17:17:35,959  DEBUG     RECV (33 bytes): 210067010200000003000000020000000100000000000000050000004204000002
2026-03-01 17:17:35,959  INFO      RECV FILL  seq=2
2026-03-01 17:17:52,589  DEBUG     SEND (42 bytes): 2a000101040000000200000032580ef8ccd89ce902000000000000000100000000050000004e02000000
2026-03-01 17:17:52,589  INFO      SEND NEW_ORDER  order_id=2  symbol=1  side=BUY  qty=5  price=590  flags=NONE
2026-03-01 17:17:52,589  DEBUG     RECV (33 bytes): 210067010300000004000000020000000200000000000000050000003804000002
2026-03-01 17:17:52,589  INFO      RECV FILL  seq=3
2026-03-01 17:19:54,046  DEBUG     SEND (42 bytes): 2a000101050000000200000032580ef8ccd89ce901000000000000000100000000050000004e02000000
2026-03-01 17:19:54,046  INFO      SEND NEW_ORDER  order_id=1  symbol=1  side=BUY  qty=5  price=590  flags=NONE
2026-03-01 17:19:54,046  DEBUG     RECV (33 bytes): 210067010400000005000000020000000100000000000000050000003804000002
2026-03-01 17:19:54,046  INFO      RECV FILL  seq=4
2026-03-01 17:22:03,946  INFO      Connected to 192.168.13.100:1234
2026-03-01 17:22:03,946  DEBUG     SEND (52 bytes): 34006301010000000200000000000000000000007465616d3200000000000000000000003932764d333150610000000000000000
2026-03-01 17:22:03,946  INFO      SEND LOGIN  username=b'team2'  seq=1
2026-03-01 17:22:03,946  DEBUG     RECV (25 bytes): 19006401000000000100000002000000e9840b1ca3e336c700
2026-03-01 17:22:03,946  INFO      RECV LOGIN_RESPONSE  seq=0
2026-03-01 17:22:03,946  INFO      LOGIN SUCCESS  session_id=14354911151979726057
2026-03-01 17:22:17,815  DEBUG     SEND (42 bytes): 2a0001010200000002000000e9840b1ca3e336c701000000000000000100000000050000003a02000000
2026-03-01 17:22:17,816  INFO      SEND NEW_ORDER  order_id=1  symbol=1  side=BUY  qty=5  price=570  flags=NONE
2026-03-01 17:22:17,816  DEBUG     RECV (33 bytes): 210067010100000002000000020000000100000000000000050000002e04000002
2026-03-01 17:22:17,816  INFO      RECV FILL  seq=1
2026-03-01 17:22:41,950  DEBUG     SEND (42 bytes): 2a0001010300000002000000e9840b1ca3e336c701000000000000000100000000050000006400000000
2026-03-01 17:22:41,950  INFO      SEND NEW_ORDER  order_id=1  symbol=1  side=BUY  qty=5  price=100  flags=NONE
2026-03-01 17:22:41,951  DEBUG     RECV (33 bytes): 210067010200000003000000020000000100000000000000050000002e04000002
2026-03-01 17:22:41,951  INFO      RECV FILL  seq=2
2026-03-01 17:23:17,615  DEBUG     SEND (42 bytes): 2a0001010400000002000000e9840b1ca3e336c701000000000000000100000000050000006400000000
2026-03-01 17:23:17,616  INFO      SEND NEW_ORDER  order_id=1  symbol=1  side=BUY  qty=5  price=100  flags=NONE
2026-03-01 17:23:17,616  DEBUG     RECV (33 bytes): 210067010300000004000000020000000100000000000000050000002404000002
2026-03-01 17:23:17,616  INFO      RECV FILL  seq=3
2026-03-01 17:23:51,470  DEBUG     SEND (42 bytes): 2a0001010500000002000000e9840b1ca3e336c701000000000000000100000000050000000100000000
2026-03-01 17:23:51,471  INFO      SEND NEW_ORDER  order_id=1  symbol=1  side=BUY  qty=5  price=1  flags=NONE
2026-03-01 17:23:51,471  DEBUG     RECV (25 bytes): 19006601040000000500000002000000010000000000000005
2026-03-01 17:23:51,471  INFO      RECV REJECT  seq=4
2026-03-01 17:24:14,918  DEBUG     SEND (42 bytes): 2a0001010600000002000000e9840b1ca3e336c701000000000000000100000000050000003a02000000
2026-03-01 17:24:14,919  INFO      SEND NEW_ORDER  order_id=1  symbol=1  side=BUY  qty=5  price=570  flags=NONE
2026-03-01 17:24:14,919  DEBUG     RECV (33 bytes): 210067010500000006000000020000000100000000000000050000002404000002
2026-03-01 17:24:14,919  INFO      RECV FILL  seq=5
2026-03-01 17:24:56,050  DEBUG     SEND (42 bytes): 2a0001010700000002000000e9840b1ca3e336c702000000000000000100000000050000003a02000000
2026-03-01 17:24:56,050  INFO      SEND NEW_ORDER  order_id=2  symbol=1  side=BUY  qty=5  price=570  flags=NONE
2026-03-01 17:24:56,050  DEBUG     RECV (33 bytes): 210067010600000007000000020000000200000000000000050000001a04000002
2026-03-01 17:24:56,051  INFO      RECV FILL  seq=6
2026-03-01 17:59:26,541  DEBUG     SEND (42 bytes): 2a0001010800000002000000e9840b1ca3e336c701000000000000000100000000050000003a02000000
2026-03-01 17:59:26,541  INFO      SEND NEW_ORDER  order_id=1  symbol=1  side=BUY  qty=5  price=570  flags=NONE
2026-03-01 17:59:26,541  DEBUG     RECV (33 bytes): 210067010700000008000000020000000100000000000000050000001a04000002
2026-03-01 17:59:26,541  INFO      RECV FILL  seq=7
2026-03-01 17:59:48,560  INFO      Connected to 192.168.13.100:1234
2026-03-01 17:59:48,560  DEBUG     SEND (52 bytes): 34006301010000000200000000000000000000007465616d3200000000000000000000003932764d333150610000000000000000
2026-03-01 17:59:48,560  INFO      SEND LOGIN  username=b'team2'  seq=1
2026-03-01 17:59:48,560  DEBUG     RECV (25 bytes): 190064010000000001000000020000001dd32559f478910e00
2026-03-01 17:59:48,560  INFO      RECV LOGIN_RESPONSE  seq=0
2026-03-01 17:59:48,561  INFO      LOGIN SUCCESS  session_id=1049753179017040669
2026-03-01 18:00:08,580  DEBUG     SEND (42 bytes): 2a00010102000000020000001dd32559f478910e01000000000000000100000000050000001c02000000
2026-03-01 18:00:08,580  INFO      SEND NEW_ORDER  order_id=1  symbol=1  side=BUY  qty=5  price=540  flags=NONE
2026-03-01 18:00:08,580  DEBUG     RECV (33 bytes): 210067010100000002000000020000000100000000000000050000001004000002
2026-03-01 18:00:08,580  INFO      RECV FILL  seq=1
2026-03-01 18:00:21,191  DEBUG     SEND (42 bytes): 2a00010103000000020000001dd32559f478910e02000000000000000100000000050000001c02000000
2026-03-01 18:00:21,192  INFO      SEND NEW_ORDER  order_id=2  symbol=1  side=BUY  qty=5  price=540  flags=NONE
2026-03-01 18:00:21,192  DEBUG     RECV (33 bytes): 210067010200000003000000020000000200000000000000050000001004000002
2026-03-01 18:00:21,192  INFO      RECV FILL  seq=2
2026-03-01 18:02:41,599  INFO      Connected to 192.168.13.100:1234
2026-03-01 18:02:41,599  DEBUG     SEND (52 bytes): 34006301010000000200000000000000000000007465616d3200000000000000000000003932764d333150610000000000000000
2026-03-01 18:02:41,599  INFO      SEND LOGIN  username=b'team2'  seq=1
2026-03-01 18:02:41,599  DEBUG     RECV (25 bytes): 190064010000000001000000020000004ac0f794da1116bd00
2026-03-01 18:02:41,599  INFO      RECV LOGIN_RESPONSE  seq=0
2026-03-01 18:02:41,599  INFO      LOGIN SUCCESS  session_id=13625097353155821642
2026-03-01 18:03:35,078  INFO      Connected to 192.168.13.100:1234
2026-03-01 18:03:35,078  DEBUG     SEND (52 bytes): 34006301010000000200000000000000000000007465616d3200000000000000000000003932764d333150610000000000000000
2026-03-01 18:03:35,078  INFO      SEND LOGIN  username=b'team2'  seq=1
2026-03-01 18:03:35,078  DEBUG     RECV (25 bytes): 1900640100000000010000000200000097ab3b36ebb80f8200
2026-03-01 18:03:35,078  INFO      RECV LOGIN_RESPONSE  seq=0
2026-03-01 18:03:35,078  INFO      LOGIN SUCCESS  session_id=9371912669947997079
2026-03-01 18:03:54,843  INFO      Connected to 192.168.13.100:1234
2026-03-01 18:03:54,843  DEBUG     SEND (52 bytes): 34006301010000000200000000000000000000007465616d3200000000000000000000003932764d333150610000000000000000
2026-03-01 18:03:54,843  INFO      SEND LOGIN  username=b'team2'  seq=1
2026-03-01 18:03:54,843  DEBUG     RECV (25 bytes): 190064010000000001000000020000004356fc07e2e67cc100
2026-03-01 18:03:54,844  INFO      RECV LOGIN_RESPONSE  seq=0
2026-03-01 18:03:54,844  INFO      LOGIN SUCCESS  session_id=13942272404903188035
2026-03-01 18:04:06,670  DEBUG     SEND (42 bytes): 2a00010102000000020000004356fc07e2e67cc101000000000000000100000000050000001202000000
2026-03-01 18:04:06,671  INFO      SEND NEW_ORDER  order_id=1  symbol=1  side=BUY  qty=5  price=530  flags=NONE
2026-03-01 18:04:06,671  DEBUG     RECV (33 bytes): 210067010100000002000000020000000100000000000000050000000604000002
2026-03-01 18:04:06,671  INFO      RECV FILL  seq=1
2026-03-01 18:04:21,631  DEBUG     SEND (42 bytes): 2a00010103000000020000004356fc07e2e67cc102000000000000000100000000050000001202000000
2026-03-01 18:04:21,631  INFO      SEND NEW_ORDER  order_id=2  symbol=1  side=BUY  qty=5  price=530  flags=NONE
2026-03-01 18:04:21,631  DEBUG     RECV (33 bytes): 210067010200000003000000020000000200000000000000050000000604000002
2026-03-01 18:04:21,632  INFO      RECV FILL  seq=2
2026-03-01 18:05:06,675  DEBUG     SEND (42 bytes): 2a00010104000000020000004356fc07e2e67cc103000000000000000100000000050000001302000000
2026-03-01 18:05:06,675  INFO      SEND NEW_ORDER  order_id=3  symbol=1  side=BUY  qty=5  price=531  flags=NONE
2026-03-01 18:05:06,676  DEBUG     RECV (25 bytes): 19006601030000000400000002000000030000000000000005
2026-03-01 18:05:06,676  INFO      RECV REJECT  seq=3
2026-03-01 18:06:46,261  DEBUG     SEND (42 bytes): 2a00010105000000020000004356fc07e2e67cc101000000000000000100000000050000001202000000
2026-03-01 18:06:46,261  INFO      SEND NEW_ORDER  order_id=1  symbol=1  side=BUY  qty=5  price=530  flags=NONE
2026-03-01 18:06:46,262  DEBUG     RECV (33 bytes): 21006701040000000500000002000000010000000000000005000000fc03000002
2026-03-01 18:06:46,262  INFO      RECV FILL  seq=4
2026-03-01 18:06:55,668  DEBUG     SEND (42 bytes): 2a00010106000000020000004356fc07e2e67cc101000000000000000100000000050000001302000000
2026-03-01 18:06:55,669  INFO      SEND NEW_ORDER  order_id=1  symbol=1  side=BUY  qty=5  price=531  flags=NONE
2026-03-01 18:06:55,669  DEBUG     RECV (25 bytes): 19006601050000000600000002000000010000000000000005
2026-03-01 18:06:55,669  INFO      RECV REJECT  seq=5
2026-03-01 18:07:03,516  DEBUG     SEND (42 bytes): 2a00010107000000020000004356fc07e2e67cc101000000000000000100000000050000001102000000
2026-03-01 18:07:03,517  INFO      SEND NEW_ORDER  order_id=1  symbol=1  side=BUY  qty=5  price=529  flags=NONE
2026-03-01 18:07:03,517  DEBUG     RECV (25 bytes): 19006601060000000700000002000000010000000000000005
2026-03-01 18:07:03,517  INFO      RECV REJECT  seq=6
2026-03-01 18:08:05,584  DEBUG     SEND (42 bytes): 2a00010108000000020000004356fc07e2e67cc101000000000000000100000000050000000d02000000
2026-03-01 18:08:05,584  INFO      SEND NEW_ORDER  order_id=1  symbol=1  side=BUY  qty=5  price=525  flags=NONE
2026-03-01 18:08:05,584  DEBUG     RECV (25 bytes): 19006601070000000800000002000000010000000000000005
2026-03-01 18:08:05,584  INFO      RECV REJECT  seq=7
2026-03-01 18:08:28,581  INFO      Connected to 192.168.13.100:1234
2026-03-01 18:08:28,581  DEBUG     SEND (52 bytes): 34006301010000000200000000000000000000007465616d3200000000000000000000003932764d333150610000000000000000
2026-03-01 18:08:28,581  INFO      SEND LOGIN  username=b'team2'  seq=1
2026-03-01 18:08:28,582  DEBUG     RECV (25 bytes): 190064010000000001000000020000004d57fce04bdd0ef800
2026-03-01 18:08:28,582  INFO      RECV LOGIN_RESPONSE  seq=0
2026-03-01 18:08:28,582  INFO      LOGIN SUCCESS  session_id=17874467289046996813
2026-03-01 18:08:42,760  DEBUG     SEND (42 bytes): 2a00010102000000020000004d57fce04bdd0ef801000000000000000100000000050000000802000000
2026-03-01 18:08:42,760  INFO      SEND NEW_ORDER  order_id=1  symbol=1  side=BUY  qty=5  price=520  flags=NONE
2026-03-01 18:08:42,760  DEBUG     RECV (33 bytes): 21006701010000000200000002000000010000000000000005000000fc03000002
2026-03-01 18:08:42,760  INFO      RECV FILL  seq=1
2026-03-01 18:08:53,253  DEBUG     SEND (42 bytes): 2a00010103000000020000004d57fce04bdd0ef802000000000000000100000000050000000802000000
2026-03-01 18:08:53,253  INFO      SEND NEW_ORDER  order_id=2  symbol=1  side=BUY  qty=5  price=520  flags=NONE
2026-03-01 18:08:53,253  DEBUG     RECV (33 bytes): 21006701020000000300000002000000020000000000000005000000f203000002
2026-03-01 18:08:53,253  INFO      RECV FILL  seq=2
2026-03-01 18:10:18,923  INFO      Connected to 192.168.13.100:1234
2026-03-01 18:10:18,924  DEBUG     SEND (52 bytes): 34006301010000000200000000000000000000007465616d3200000000000000000000003932764d333150610000000000000000
2026-03-01 18:10:18,924  INFO      SEND LOGIN  username=b'team2'  seq=1
2026-03-01 18:10:18,924  DEBUG     RECV (25 bytes): 19006401000000000100000002000000466a64b986fe358000
2026-03-01 18:10:18,924  INFO      RECV LOGIN_RESPONSE  seq=0
2026-03-01 18:10:18,924  INFO      LOGIN SUCCESS  session_id=9238570065209879110
2026-03-01 18:10:52,678  INFO      Connected to 192.168.13.100:1234
2026-03-01 18:10:52,678  DEBUG     SEND (52 bytes): 34006301010000000200000000000000000000007465616d3200000000000000000000003932764d333150610000000000000000
2026-03-01 18:10:52,678  INFO      SEND LOGIN  username=b'team2'  seq=1
2026-03-01 18:10:52,679  DEBUG     RECV (25 bytes): 19006401000000000100000002000000941c80b08e127a1100
2026-03-01 18:10:52,679  INFO      RECV LOGIN_RESPONSE  seq=0
2026-03-01 18:10:52,679  INFO      LOGIN SUCCESS  session_id=1259339449859316884
2026-03-01 18:11:07,244  INFO      Connected to 192.168.13.100:1234
2026-03-01 18:11:07,244  DEBUG     SEND (52 bytes): 34006301010000000200000000000000000000007465616d3200000000000000000000003932764d333150610000000000000000
2026-03-01 18:11:07,244  INFO      SEND LOGIN  username=b'team2'  seq=1
2026-03-01 18:11:07,244  DEBUG     RECV (25 bytes): 19006401000000000100000002000000cdf316cf836526fe00
2026-03-01 18:11:07,245  INFO      RECV LOGIN_RESPONSE  seq=0
2026-03-01 18:11:07,245  INFO      LOGIN SUCCESS  session_id=18313436551538209741
2026-03-01 18:11:24,252  DEBUG     SEND (42 bytes): 2a0001010200000002000000cdf316cf836526fe0100000000000000010000000005000000fe01000000
2026-03-01 18:11:24,252  INFO      SEND NEW_ORDER  order_id=1  symbol=1  side=BUY  qty=5  price=510  flags=NONE
2026-03-01 18:11:24,252  DEBUG     RECV (33 bytes): 21006701010000000200000002000000010000000000000005000000f203000002
2026-03-01 18:11:24,252  INFO      RECV FILL  seq=1
2026-03-01 18:11:46,494  DEBUG     SEND (42 bytes): 2a0001010300000002000000cdf316cf836526fe0200000000000000010000000005000000fe01000000
2026-03-01 18:11:46,495  INFO      SEND NEW_ORDER  order_id=2  symbol=1  side=BUY  qty=5  price=510  flags=NONE
2026-03-01 18:11:46,495  DEBUG     RECV (33 bytes): 21006701020000000300000002000000020000000000000005000000e803000002
2026-03-01 18:11:46,495  INFO      RECV FILL  seq=2
2026-03-01 18:11:53,407  DEBUG     SEND (42 bytes): 2a0001010400000002000000cdf316cf836526fe0300000000000000010000000005000000ff01000000
2026-03-01 18:11:53,408  INFO      SEND NEW_ORDER  order_id=3  symbol=1  side=BUY  qty=5  price=511  flags=NONE
2026-03-01 18:11:53,408  DEBUG     RECV (25 bytes): 19006601030000000400000002000000030000000000000005
2026-03-01 18:11:53,408  INFO      RECV REJECT  seq=3
2026-03-01 18:13:04,160  DEBUG     SEND (42 bytes): 2a0001010500000002000000cdf316cf836526fe0100000000000000010000000005000000fe01000000
2026-03-01 18:13:04,161  INFO      SEND NEW_ORDER  order_id=1  symbol=1  side=BUY  qty=5  price=510  flags=NONE
2026-03-01 18:13:04,161  DEBUG     RECV (33 bytes): 21006701040000000500000002000000010000000000000005000000e803000002
2026-03-01 18:13:04,161  INFO      RECV FILL  seq=4
2026-03-01 18:13:10,934  DEBUG     SEND (42 bytes): 2a0001010600000002000000cdf316cf836526fe04000000000000000100000000050000000a00000000
2026-03-01 18:13:10,934  INFO      SEND NEW_ORDER  order_id=4  symbol=1  side=BUY  qty=5  price=10  flags=NONE
2026-03-01 18:13:10,934  DEBUG     RECV (33 bytes): 21006701050000000600000002000000040000000000000005000000e803000002
2026-03-01 18:13:10,935  INFO      RECV FILL  seq=5
2026-03-01 18:13:20,154  DEBUG     SEND (42 bytes): 2a0001010700000002000000cdf316cf836526fe05000000000000000100000000050000000a00000000
2026-03-01 18:13:20,155  INFO      SEND NEW_ORDER  order_id=5  symbol=1  side=BUY  qty=5  price=10  flags=NONE
2026-03-01 18:13:20,155  DEBUG     RECV (33 bytes): 21006701060000000700000002000000050000000000000005000000e803000002
2026-03-01 18:13:20,155  INFO      RECV FILL  seq=6
2026-03-01 18:14:31,351  DEBUG     SEND (42 bytes): 2a0001010800000002000000cdf316cf836526fe050000000000000001000000000500000038c7000000
2026-03-01 18:14:31,352  INFO      SEND NEW_ORDER  order_id=5  symbol=1  side=BUY  qty=5  price=51000  flags=NONE
2026-03-01 18:14:31,352  DEBUG     RECV (33 bytes): 21006701070000000800000002000000050000000000000005000000e803000002
2026-03-01 18:14:31,352  INFO      RECV FILL  seq=7
2026-03-01 18:15:05,457  DEBUG     SEND (42 bytes): 2a0001010900000002000000cdf316cf836526fe0100000000000000010000000005000000fe01000000
2026-03-01 18:15:05,457  INFO      SEND NEW_ORDER  order_id=1  symbol=1  side=BUY  qty=5  price=510  flags=NONE
2026-03-01 18:15:05,457  DEBUG     RECV (33 bytes): 21006701080000000900000002000000010000000000000005000000e803000002
2026-03-01 18:15:05,458  INFO      RECV FILL  seq=8
2026-03-01 18:15:09,582  DEBUG     SEND (42 bytes): 2a0001010a00000002000000cdf316cf836526fe6300000000000000010000000001000000fe01000000
2026-03-01 18:15:09,582  INFO      SEND NEW_ORDER  order_id=99  symbol=1  side=BUY  qty=1  price=510  flags=NONE
2026-03-01 18:15:09,582  DEBUG     RECV (33 bytes): 21006701090000000a00000002000000630000000000000001000000e803000002
2026-03-01 18:15:09,582  INFO      RECV FILL  seq=9
2026-03-01 18:15:41,546  INFO      Connected to 192.168.13.100:1234
2026-03-01 18:15:41,546  DEBUG     SEND (52 bytes): 34006301010000000200000000000000000000007465616d3200000000000000000000003932764d333150610000000000000000
2026-03-01 18:15:41,546  INFO      SEND LOGIN  username=b'team2'  seq=1
2026-03-01 18:15:41,546  DEBUG     RECV (25 bytes): 190064010000000001000000020000007b6e0fae850f256f00
2026-03-01 18:15:41,546  INFO      RECV LOGIN_RESPONSE  seq=0
2026-03-01 18:15:41,546  INFO      LOGIN SUCCESS  session_id=8008824579173609083
2026-03-01 18:17:52,896  INFO      Connected to 192.168.13.100:1234
2026-03-01 18:17:52,896  DEBUG     SEND (52 bytes): 34006301010000000200000000000000000000007465616d3200000000000000000000003932764d333150610000000000000000
2026-03-01 18:17:52,896  INFO      SEND LOGIN  username=b'team2'  seq=1
2026-03-01 18:17:52,896  DEBUG     RECV (25 bytes): 1900640100000000010000000200000041526a09cfa0717100
2026-03-01 18:17:52,896  INFO      RECV LOGIN_RESPONSE  seq=0
2026-03-01 18:17:52,896  INFO      LOGIN SUCCESS  session_id=8174491609730798145
2026-03-01 18:18:01,101  DEBUG     SEND (42 bytes): 2a000101020000000200000041526a09cfa0717101000000000000000100000000050000004c04000000
2026-03-01 18:18:01,101  INFO      SEND NEW_ORDER  order_id=1  symbol=1  side=BUY  qty=5  price=1100  flags=NONE
2026-03-01 18:18:01,102  DEBUG     RECV (33 bytes): 21006701010000000200000002000000010000000000000005000000e803000002
2026-03-01 18:18:01,102  INFO      RECV FILL  seq=1
2026-03-01 18:18:26,160  DEBUG     SEND (42 bytes): 2a000101030000000200000041526a09cfa071710200000000000000010000000005000000e803000000
2026-03-01 18:18:26,160  INFO      SEND NEW_ORDER  order_id=2  symbol=1  side=BUY  qty=5  price=1000  flags=NONE
2026-03-01 18:18:26,160  DEBUG     RECV (33 bytes): 21006701020000000300000002000000020000000000000005000000e803000002
2026-03-01 18:18:26,160  INFO      RECV FILL  seq=2
2026-03-01 18:18:36,793  DEBUG     SEND (42 bytes): 2a000101040000000200000041526a09cfa0717103000000000000000100000000050000008403000000
2026-03-01 18:18:36,793  INFO      SEND NEW_ORDER  order_id=3  symbol=1  side=BUY  qty=5  price=900  flags=NONE
2026-03-01 18:18:36,793  DEBUG     RECV (33 bytes): 21006701030000000400000002000000030000000000000005000000e803000002
2026-03-01 18:18:36,793  INFO      RECV FILL  seq=3
2026-03-01 18:18:41,967  DEBUG     SEND (42 bytes): 2a000101050000000200000041526a09cfa0717104000000000000000100000000050000002003000000
2026-03-01 18:18:41,968  INFO      SEND NEW_ORDER  order_id=4  symbol=1  side=BUY  qty=5  price=800  flags=NONE
2026-03-01 18:18:41,968  DEBUG     RECV (33 bytes): 21006701040000000500000002000000040000000000000005000000e803000002
2026-03-01 18:18:41,968  INFO      RECV FILL  seq=4
2026-03-01 18:18:46,822  DEBUG     SEND (42 bytes): 2a000101060000000200000041526a09cfa071710500000000000000010000000005000000f401000000
2026-03-01 18:18:46,822  INFO      SEND NEW_ORDER  order_id=5  symbol=1  side=BUY  qty=5  price=500  flags=NONE
2026-03-01 18:18:46,822  DEBUG     RECV (33 bytes): 21006701050000000600000002000000050000000000000005000000e803000002
2026-03-01 18:18:46,822  INFO      RECV FILL  seq=5
2026-03-01 18:19:16,104  DEBUG     SEND (42 bytes): 2a000101070000000200000041526a09cfa0717103000000000000000100000000050000000100000000
2026-03-01 18:19:16,104  INFO      SEND NEW_ORDER  order_id=3  symbol=1  side=BUY  qty=5  price=1  flags=NONE
2026-03-01 18:19:16,104  DEBUG     RECV (25 bytes): 19006601060000000700000002000000030000000000000005
2026-03-01 18:19:16,104  INFO      RECV REJECT  seq=6
2026-03-01 18:19:35,916  DEBUG     SEND (42 bytes): 2a000101080000000200000041526a09cfa07171040000000000000001000000003f420f000802000000
2026-03-01 18:19:35,917  INFO      SEND NEW_ORDER  order_id=4  symbol=1  side=BUY  qty=999999  price=520  flags=NONE
2026-03-01 18:19:35,917  DEBUG     RECV (25 bytes): 19006601070000000800000002000000040000000000000006
2026-03-01 18:19:35,917  INFO      RECV REJECT  seq=7
2026-03-01 18:20:11,320  DEBUG     SEND (42 bytes): 2a000101090000000200000041526a09cfa0717105000000000000000100000000050000000302000000
2026-03-01 18:20:11,320  INFO      SEND NEW_ORDER  order_id=5  symbol=1  side=BUY  qty=5  price=515  flags=NONE
2026-03-01 18:20:11,320  DEBUG     RECV (25 bytes): 19006601080000000900000002000000050000000000000005
2026-03-01 18:20:11,320  INFO      RECV REJECT  seq=8
2026-03-01 18:20:47,230  DEBUG     SEND (42 bytes): 2a0001010a0000000200000041526a09cfa071710200000000000000010000000005000000e803000000
2026-03-01 18:20:47,231  INFO      SEND NEW_ORDER  order_id=2  symbol=1  side=BUY  qty=5  price=1000  flags=NONE
2026-03-01 18:20:47,231  DEBUG     RECV (33 bytes): 21006701090000000a00000002000000020000000000000005000000e803000002
2026-03-01 18:20:47,231  INFO      RECV FILL  seq=9
2026-03-01 18:20:50,916  DEBUG     SEND (42 bytes): 2a0001010b0000000200000041526a09cfa0717103000000000000000100000000050000008403000000
2026-03-01 18:20:50,916  INFO      SEND NEW_ORDER  order_id=3  symbol=1  side=BUY  qty=5  price=900  flags=NONE
2026-03-01 18:20:50,917  DEBUG     RECV (33 bytes): 210067010a0000000b00000002000000030000000000000005000000e803000002
2026-03-01 18:20:50,917  INFO      RECV FILL  seq=10
2026-03-01 18:23:20,984  INFO      Connected to 192.168.13.100:1234
2026-03-01 18:23:20,985  DEBUG     SEND (52 bytes): 34006301010000000200000000000000000000007465616d3200000000000000000000003932764d333150610000000000000000
2026-03-01 18:23:20,985  INFO      SEND LOGIN  username=b'team2'  seq=1
2026-03-01 18:23:20,985  DEBUG     RECV (25 bytes): 190064010000000001000000020000009ed8bd1c0c789f5700
2026-03-01 18:23:20,985  INFO      RECV LOGIN_RESPONSE  seq=0
2026-03-01 18:23:20,985  INFO      LOGIN SUCCESS  session_id=6313897196013869214
2026-03-01 18:24:22,993  INFO      Connected to 192.168.13.100:1234
2026-03-01 18:24:22,993  DEBUG     SEND (52 bytes): 34006301010000000200000000000000000000007465616d3200000000000000000000003932764d333150610000000000000000
2026-03-01 18:24:22,993  INFO      SEND LOGIN  username=b'team2'  seq=1
2026-03-01 18:24:22,993  DEBUG     RECV (25 bytes): 19006401000000000100000002000000f92cb72c9e59738d00
2026-03-01 18:24:22,993  INFO      RECV LOGIN_RESPONSE  seq=0
2026-03-01 18:24:22,993  INFO      LOGIN SUCCESS  session_id=10192588917559471353
2026-03-01 18:24:55,139  INFO      Connected to 192.168.13.100:1234
2026-03-01 18:24:55,140  DEBUG     SEND (52 bytes): 34006301010000000200000000000000000000007465616d3200000000000000000000003932764d333150610000000000000000
2026-03-01 18:24:55,140  INFO      SEND LOGIN  username=b'team2'  seq=1
2026-03-01 18:24:55,140  DEBUG     RECV (25 bytes): 190064010000000001000000020000006a04ca0b1a84aa0500
2026-03-01 18:24:55,140  INFO      RECV LOGIN_RESPONSE  seq=0
2026-03-01 18:24:55,140  INFO      LOGIN SUCCESS  session_id=408283963632256106
2026-03-01 18:25:12,073  DEBUG     SEND (42 bytes): 2a00010102000000020000006a04ca0b1a84aa050100000000000000010000000005000000f401000000
2026-03-01 18:25:12,073  INFO      SEND NEW_ORDER  order_id=1  symbol=1  side=BUY  qty=5  price=500  flags=NONE
2026-03-01 18:25:12,073  DEBUG     RECV (33 bytes): 21006701010000000200000002000000010000000000000005000000e803000002
2026-03-01 18:25:12,073  INFO      RECV FILL  seq=1
2026-03-01 18:25:27,364  DEBUG     SEND (42 bytes): 2a00010103000000020000006a04ca0b1a84aa050200000000000000010000000005000000f401000000
2026-03-01 18:25:27,364  INFO      SEND NEW_ORDER  order_id=2  symbol=1  side=BUY  qty=5  price=500  flags=NONE
2026-03-01 18:25:27,364  DEBUG     RECV (33 bytes): 21006701020000000300000002000000020000000000000005000000e803000002
2026-03-01 18:25:27,364  INFO      RECV FILL  seq=2
2026-03-01 18:27:32,962  INFO      Connected to 192.168.13.100:1234
2026-03-01 18:27:32,963  DEBUG     SEND (52 bytes): 34006301010000000200000000000000000000007465616d3200000000000000000000003932764d333150610000000000000000
2026-03-01 18:27:32,963  INFO      SEND LOGIN  username=b'team2'  seq=1
2026-03-01 18:27:32,963  DEBUG     RECV (25 bytes): 1900640100000000010000000200000003583e2431cde58700
2026-03-01 18:27:32,963  INFO      RECV LOGIN_RESPONSE  seq=0
2026-03-01 18:27:32,963  INFO      LOGIN SUCCESS  session_id=9792458575732168707
2026-03-01 18:27:52,571  INFO      Connected to 192.168.13.100:1234
2026-03-01 18:27:52,571  DEBUG     SEND (52 bytes): 34006301010000000200000000000000000000007465616d3200000000000000000000003932764d333150610000000000000000
2026-03-01 18:27:52,571  INFO      SEND LOGIN  username=b'team2'  seq=1
2026-03-01 18:27:52,571  DEBUG     RECV (25 bytes): 19006401000000000100000002000000142dcc360ed5065100
2026-03-01 18:27:52,572  INFO      RECV LOGIN_RESPONSE  seq=0
2026-03-01 18:27:52,572  INFO      LOGIN SUCCESS  session_id=5838588223958035732
2026-03-01 18:28:43,754  INFO      Connected to 192.168.13.100:1234
2026-03-01 18:28:43,755  DEBUG     SEND (52 bytes): 34006301010000000200000000000000000000007465616d3200000000000000000000003932764d333150610000000000000000
2026-03-01 18:28:43,755  INFO      SEND LOGIN  username=b'team2'  seq=1
2026-03-01 18:28:43,755  DEBUG     RECV (25 bytes): 190064010000000001000000020000003b38aaae79e00fbc00
2026-03-01 18:28:43,755  INFO      RECV LOGIN_RESPONSE  seq=0
2026-03-01 18:28:43,755  INFO      LOGIN SUCCESS  session_id=13551296617007167547
2026-03-01 18:28:57,842  DEBUG     SEND (42 bytes): 2a00010102000000020000003b38aaae79e00fbc0100000000000000010000000005000000f401000000
2026-03-01 18:28:57,842  INFO      SEND NEW_ORDER  order_id=1  symbol=1  side=BUY  qty=5  price=500  flags=NONE
2026-03-01 18:28:57,853  DEBUG     RECV (33 bytes): 21006701010000000200000002000000010000000000000005000000e803000002
2026-03-01 18:28:57,853  INFO      RECV FILL  seq=1
2026-03-01 18:29:10,724  DEBUG     SEND (42 bytes): 2a00010103000000020000003b38aaae79e00fbc0200000000000000010000000005000000f401000000
2026-03-01 18:29:10,725  INFO      SEND NEW_ORDER  order_id=2  symbol=1  side=BUY  qty=5  price=500  flags=NONE
2026-03-01 18:29:10,735  DEBUG     RECV (33 bytes): 21006701020000000300000002000000020000000000000005000000e803000002
2026-03-01 18:29:10,736  INFO      RECV FILL  seq=2
2026-03-01 18:30:23,139  DEBUG     SEND (42 bytes): 2a00010104000000020000003b38aaae79e00fbc0300000000000000010000000005000000f301000000
2026-03-01 18:30:23,139  INFO      SEND NEW_ORDER  order_id=3  symbol=1  side=BUY  qty=5  price=499  flags=NONE
2026-03-01 18:30:23,150  DEBUG     RECV (25 bytes): 19006601030000000400000002000000030000000000000005
2026-03-01 18:30:23,150  INFO      RECV REJECT  seq=3
2026-03-01 18:31:32,569  DEBUG     SEND (42 bytes): 2a00010105000000020000003b38aaae79e00fbc0400000000000000020000000005000000f401000000
2026-03-01 18:31:32,570  INFO      SEND NEW_ORDER  order_id=4  symbol=2  side=BUY  qty=5  price=500  flags=NONE
2026-03-01 18:31:32,580  DEBUG     RECV (33 bytes): 210067010400000005000000020000000400000000000000050000006801000002
2026-03-01 18:31:32,581  INFO      RECV FILL  seq=4
2026-03-01 18:35:50,940  INFO      Connected to 192.168.13.100:1234
2026-03-01 18:35:50,940  DEBUG     SEND (52 bytes): 34006301010000000200000000000000000000007465616d3200000000000000000000003932764d333150610000000000000000
2026-03-01 18:35:50,940  INFO      SEND LOGIN  username=b'team2'  seq=1
2026-03-01 18:35:50,940  DEBUG     RECV (25 bytes): 19006401000000000100000002000000a6fae7b3d2124d5600
2026-03-01 18:35:50,941  INFO      RECV LOGIN_RESPONSE  seq=0
2026-03-01 18:35:50,941  INFO      LOGIN SUCCESS  session_id=6218647356639279782
2026-03-01 18:37:53,869  INFO      Connected to 192.168.13.100:1234
2026-03-01 18:37:53,869  DEBUG     SEND (52 bytes): 34006301010000000200000000000000000000007465616d3200000000000000000000003932764d333150610000000000000000
2026-03-01 18:37:53,870  INFO      SEND LOGIN  username=b'team2'  seq=1
2026-03-01 18:37:53,870  DEBUG     RECV (25 bytes): 19006401000000000100000002000000180caf9aca89626000
2026-03-01 18:37:53,870  INFO      RECV LOGIN_RESPONSE  seq=0
2026-03-01 18:37:53,870  INFO      LOGIN SUCCESS  session_id=6945265078630288408
2026-03-01 18:38:10,253  DEBUG     SEND (42 bytes): 2a0001010200000002000000180caf9aca8962600100000000000000010000000005000000f401000000
2026-03-01 18:38:10,253  INFO      SEND NEW_ORDER  order_id=1  symbol=1  side=BUY  qty=5  price=500  flags=NONE
2026-03-01 18:38:10,254  DEBUG     RECV (33 bytes): 21006701010000000200000002000000010000000000000005000000e803000002
2026-03-01 18:38:10,254  INFO      RECV FILL  seq=1
2026-03-01 18:38:27,658  DEBUG     SEND (42 bytes): 2a0001010300000002000000180caf9aca8962600200000000000000010000000005000000f401000000
2026-03-01 18:38:27,658  INFO      SEND NEW_ORDER  order_id=2  symbol=1  side=BUY  qty=5  price=500  flags=NONE
2026-03-01 18:38:27,658  DEBUG     RECV (33 bytes): 21006701020000000300000002000000020000000000000005000000e803000002
2026-03-01 18:38:27,659  INFO      RECV FILL  seq=2
2026-03-01 18:38:33,035  DEBUG     SEND (42 bytes): 2a0001010400000002000000180caf9aca8962600300000000000000020000000005000000f401000000
2026-03-01 18:38:33,035  INFO      SEND NEW_ORDER  order_id=3  symbol=2  side=BUY  qty=5  price=500  flags=NONE
2026-03-01 18:38:33,035  DEBUG     RECV (33 bytes): 210067010300000004000000020000000300000000000000050000006301000002
2026-03-01 18:38:33,035  INFO      RECV FILL  seq=3
2026-03-01 18:38:36,857  DEBUG     SEND (42 bytes): 2a0001010500000002000000180caf9aca8962600400000000000000020000000005000000f401000000
2026-03-01 18:38:36,857  INFO      SEND NEW_ORDER  order_id=4  symbol=2  side=BUY  qty=5  price=500  flags=NONE
2026-03-01 18:38:36,857  DEBUG     RECV (33 bytes): 210067010400000005000000020000000400000000000000050000005e01000002
2026-03-01 18:38:36,858  INFO      RECV FILL  seq=4
2026-03-01 18:44:17,974  INFO      Connected to 192.168.13.100:1234
2026-03-01 18:49:42,074  INFO      Connected to 192.168.13.100:1234
2026-03-01 18:49:42,074  DEBUG     SEND (52 bytes): 34006301010000000200000000000000000000007465616d3200000000000000000000003932764d333150610000000000000000
2026-03-01 18:49:42,075  INFO      SEND LOGIN  username=b'team2'  seq=1
2026-03-01 18:49:42,075  DEBUG     RECV (25 bytes): 1900640100000000010000000200000038c37dd562d534c800
2026-03-01 18:49:42,075  INFO      RECV LOGIN_RESPONSE  seq=0
2026-03-01 18:49:42,075  INFO      LOGIN SUCCESS  session_id=14426390126839841592
2026-03-01 18:50:16,690  INFO      Connected to 192.168.13.100:1234
2026-03-01 18:50:16,690  DEBUG     SEND (52 bytes): 34006301010000000200000000000000000000007465616d3200000000000000000000003932764d333150610000000000000000
2026-03-01 18:50:16,690  INFO      SEND LOGIN  username=b'team2'  seq=1
2026-03-01 18:50:16,690  DEBUG     RECV (25 bytes): 19006401000000000100000002000000815cbddd8f8e3aaa00
2026-03-01 18:50:16,690  INFO      RECV LOGIN_RESPONSE  seq=0
2026-03-01 18:50:16,690  INFO      LOGIN SUCCESS  session_id=12266273283648609409
2026-03-01 18:50:32,837  DEBUG     SEND (42 bytes): 2a0001010200000002000000815cbddd8f8e3aaa0100000000000000010000000005000000f401000000
2026-03-01 18:50:32,837  INFO      SEND NEW_ORDER  order_id=1  symbol=1  side=BUY  qty=5  price=500  flags=NONE
2026-03-01 18:50:32,837  DEBUG     RECV (33 bytes): 21006701010000000200000002000000010000000000000005000000e803000002
2026-03-01 18:50:32,837  INFO      RECV FILL  seq=1
2026-03-01 18:50:45,653  DEBUG     SEND (42 bytes): 2a0001010300000002000000815cbddd8f8e3aaa0200000000000000010000000005000000f401000000
2026-03-01 18:50:45,653  INFO      SEND NEW_ORDER  order_id=2  symbol=1  side=BUY  qty=5  price=500  flags=NONE
2026-03-01 18:50:45,653  DEBUG     RECV (33 bytes): 21006701020000000300000002000000020000000000000005000000e803000002
2026-03-01 18:50:45,653  INFO      RECV FILL  seq=2
2026-03-02 18:56:37,016  INFO      Connected to 192.168.13.100:1234
2026-03-02 18:56:37,017  DEBUG     SEND (52 bytes): 34006301010000000200000000000000000000007465616d3200000000000000000000003932764d333150610000000000000000
2026-03-02 18:56:37,017  INFO      SEND LOGIN  username=b'team2'  seq=1
2026-03-02 18:56:37,017  DEBUG     RECV (25 bytes): 19006401000000000100000002000000ef289035d475e4b900
2026-03-02 18:56:37,017  INFO      RECV LOGIN_RESPONSE  seq=0
2026-03-02 18:56:37,017  INFO      LOGIN SUCCESS  session_id=13394960745998854383
2026-03-02 18:57:14,656  INFO      Connected to 192.168.13.100:1234
2026-03-02 18:57:14,656  DEBUG     SEND (52 bytes): 34006301010000000200000000000000000000007465616d3200000000000000000000003932764d333150610000000000000000
2026-03-02 18:57:14,656  INFO      SEND LOGIN  username=b'team2'  seq=1
2026-03-02 18:57:14,657  DEBUG     RECV (25 bytes): 190064010000000001000000020000008be2f5f85da8436400
2026-03-02 18:57:14,657  INFO      RECV LOGIN_RESPONSE  seq=0
2026-03-02 18:57:14,657  INFO      LOGIN SUCCESS  session_id=7224803348794696331
2026-03-02 18:57:47,814  DEBUG     SEND (42 bytes): 2a00010102000000020000008be2f5f85da843640100000000000000010000000005000000f401000000
2026-03-02 18:57:47,815  INFO      SEND NEW_ORDER  order_id=1  symbol=1  side=BUY  qty=5  price=500  flags=NONE
2026-03-02 18:57:47,815  DEBUG     RECV (33 bytes): 21006701010000000200000002000000010000000000000005000000e803000002
2026-03-02 18:57:47,815  INFO      RECV FILL  seq=1
2026-03-02 18:58:13,161  DEBUG     SEND (42 bytes): 2a00010103000000020000008be2f5f85da843640200000000000000010000000005000000f401000000
2026-03-02 18:58:13,162  INFO      SEND NEW_ORDER  order_id=2  symbol=1  side=BUY  qty=5  price=500  flags=NONE
2026-03-02 18:58:13,162  DEBUG     RECV (33 bytes): 21006701020000000300000002000000020000000000000005000000e803000002
2026-03-02 18:58:13,162  INFO      RECV FILL  seq=2
2026-03-02 19:00:41,980  INFO      Connected to 192.168.13.100:1234
2026-03-02 19:00:41,980  DEBUG     SEND (52 bytes): 34006301010000000200000000000000000000007465616d3200000000000000000000003932764d333150610000000000000000
2026-03-02 19:00:41,980  INFO      SEND LOGIN  username=b'team2'  seq=1
2026-03-02 19:00:41,980  DEBUG     RECV (25 bytes): 19006401010000000000000002000000000000000000000008
2026-03-02 19:00:41,980  INFO      RECV LOGIN_RESPONSE  seq=1
2026-03-02 19:00:41,980  ERROR     LOGIN FAILED  status=SESSION_ALREADY_ACTIVE
2026-03-02 19:00:44,603  INFO      Connected to 192.168.13.100:1234
2026-03-02 19:00:44,603  DEBUG     SEND (52 bytes): 34006301010000000200000000000000000000007465616d3200000000000000000000003932764d333150610000000000000000
2026-03-02 19:00:44,603  INFO      SEND LOGIN  username=b'team2'  seq=1
2026-03-02 19:00:44,603  DEBUG     RECV (25 bytes): 19006401000000000100000002000000a512efe86cbb4cf900
2026-03-02 19:00:44,603  INFO      RECV LOGIN_RESPONSE  seq=0
2026-03-02 19:00:44,604  INFO      LOGIN SUCCESS  session_id=17963939090112909989
2026-03-02 19:01:24,371  INFO      Connected to 192.168.13.100:1234
2026-03-02 19:01:24,371  DEBUG     SEND (52 bytes): 34006301010000000200000000000000000000007465616d3200000000000000000000003932764d333150610000000000000000
2026-03-02 19:01:24,371  INFO      SEND LOGIN  username=b'team2'  seq=1
2026-03-02 19:01:24,371  DEBUG     RECV (25 bytes): 190064010000000001000000020000004a064e8530eaf8c900
2026-03-02 19:01:24,371  INFO      RECV LOGIN_RESPONSE  seq=0
2026-03-02 19:01:24,371  INFO      LOGIN SUCCESS  session_id=14553639689963570762
2026-03-02 19:01:33,646  DEBUG     SEND (42 bytes): 2a00010102000000020000004a064e8530eaf8c90100000000000000010000000005000000f401000000
2026-03-02 19:01:33,646  INFO      SEND NEW_ORDER  order_id=1  symbol=1  side=BUY  qty=5  price=500  flags=NONE
2026-03-02 19:01:33,646  DEBUG     RECV (33 bytes): 21006701010000000200000002000000010000000000000005000000e803000002
2026-03-02 19:01:33,646  INFO      RECV FILL  seq=1
2026-03-02 19:01:47,378  DEBUG     SEND (42 bytes): 2a00010103000000020000004a064e8530eaf8c90100000000000000010000000005000000f401000000
2026-03-02 19:01:47,378  INFO      SEND NEW_ORDER  order_id=1  symbol=1  side=BUY  qty=5  price=500  flags=NONE
2026-03-02 19:01:47,379  DEBUG     RECV (33 bytes): 21006701020000000300000002000000010000000000000005000000e803000002
2026-03-02 19:01:47,379  INFO      RECV FILL  seq=2
2026-03-02 21:25:52,597  INFO      Connected to 192.168.13.100:1234
2026-03-02 21:25:52,597  DEBUG     SEND (52 bytes): 34006301010000000200000000000000000000007465616d3200000000000000000000003932764d333150610000000000000000
2026-03-02 21:25:52,597  INFO      SEND LOGIN  username=b'team2'  seq=1
2026-03-02 21:25:52,597  DEBUG     RECV (25 bytes): 1900640100000000010000000200000012aa3791d67fd15100
2026-03-02 21:25:52,597  INFO      RECV LOGIN_RESPONSE  seq=0
2026-03-02 21:25:52,597  INFO      LOGIN SUCCESS  session_id=5895633946740763154
2026-03-02 21:26:11,302  INFO      Connected to 192.168.13.100:1234
2026-03-02 21:26:11,303  DEBUG     SEND (52 bytes): 34006301010000000200000000000000000000007465616d3200000000000000000000003932764d333150610000000000000000
2026-03-02 21:26:11,303  INFO      SEND LOGIN  username=b'team2'  seq=1
2026-03-02 21:26:11,303  DEBUG     RECV (25 bytes): 1900640100000000010000000200000027e5ecd998e6ede100
2026-03-02 21:26:11,303  INFO      RECV LOGIN_RESPONSE  seq=0
2026-03-02 21:26:11,303  INFO      LOGIN SUCCESS  session_id=16279921772179809575
2026-03-02 21:28:59,117  INFO      Connected to 192.168.13.100:1234
2026-03-02 21:28:59,117  DEBUG     SEND (52 bytes): 34006301010000000200000000000000000000007465616d3200000000000000000000003932764d333150610000000000000000
2026-03-02 21:28:59,117  INFO      SEND LOGIN  username=b'team2'  seq=1
2026-03-02 21:28:59,117  DEBUG     RECV (25 bytes): 190064010000000001000000020000009e197a2562251e5500
2026-03-02 21:28:59,117  INFO      RECV LOGIN_RESPONSE  seq=0
2026-03-02 21:28:59,117  INFO      LOGIN SUCCESS  session_id=6133380845990975902
2026-03-02 21:29:11,502  INFO      Connected to 192.168.13.100:1234
2026-03-02 21:29:11,503  DEBUG     SEND (52 bytes): 34006301010000000200000000000000000000007465616d3200000000000000000000003932764d333150610000000000000000
2026-03-02 21:29:11,503  INFO      SEND LOGIN  username=b'team2'  seq=1
2026-03-02 21:29:11,503  DEBUG     RECV (25 bytes): 190064010000000001000000020000009fe65cd5d80b751800
2026-03-02 21:29:11,503  INFO      RECV LOGIN_RESPONSE  seq=0
2026-03-02 21:29:11,503  INFO      LOGIN SUCCESS  session_id=1762327855105894047
2026-03-02 21:29:28,032  DEBUG     SEND (42 bytes): 2a00010102000000020000009fe65cd5d80b75180100000000000000010000000005000000f401000000
2026-03-02 21:29:28,032  INFO      SEND NEW_ORDER  order_id=1  symbol=1  side=BUY  qty=5  price=500  flags=NONE
2026-03-02 21:29:28,033  DEBUG     RECV (33 bytes): 21006701010000000200000002000000010000000000000005000000e803000002
2026-03-02 21:29:28,033  INFO      RECV FILL  seq=1
2026-03-02 21:29:28,033  INFO      FILL order_id=1 qty=5 price=1000 flags=CLOSED
2026-03-02 21:29:38,833  DEBUG     SEND (42 bytes): 2a00010103000000020000009fe65cd5d80b75180100000000000000010000000005000000f401000000
2026-03-02 21:29:38,833  INFO      SEND NEW_ORDER  order_id=1  symbol=1  side=BUY  qty=5  price=500  flags=NONE
2026-03-02 21:29:38,833  DEBUG     RECV (33 bytes): 21006701020000000300000002000000010000000000000005000000e803000002
2026-03-02 21:29:38,834  INFO      RECV FILL  seq=2
2026-03-02 21:29:38,834  INFO      FILL order_id=1 qty=5 price=1000 flags=CLOSED
2026-03-02 21:29:44,852  DEBUG     SEND (42 bytes): 2a00010104000000020000009fe65cd5d80b751801000000000000000100000000050000000100000000
2026-03-02 21:29:44,852  INFO      SEND NEW_ORDER  order_id=1  symbol=1  side=BUY  qty=5  price=1  flags=NONE
2026-03-02 21:29:44,853  DEBUG     RECV (25 bytes): 19006601030000000400000002000000010000000000000005
2026-03-02 21:29:44,853  INFO      RECV REJECT  seq=3
2026-03-02 21:29:44,853  ERROR     ORDER REJECTED  order_id=1  reason=INVALID_PRICE
2026-03-02 21:34:16,860  INFO      Connected to 192.168.13.100:1234
2026-03-02 21:34:16,860  DEBUG     SEND (52 bytes): 34006301010000000200000000000000000000007465616d3200000000000000000000003932764d333150610000000000000000
2026-03-02 21:34:16,860  INFO      SEND LOGIN  username=b'team2'  seq=1
2026-03-02 21:34:16,860  DEBUG     RECV (25 bytes): 19006401000000000100000002000000bde0e04023a2284100
2026-03-02 21:34:16,860  INFO      RECV LOGIN_RESPONSE  seq=0
2026-03-02 21:34:16,860  INFO      LOGIN SUCCESS  session_id=4695180883829776573
2026-03-02 21:34:35,442  DEBUG     SEND (42 bytes): 2a0001010200000002000000bde0e04023a228410100000000000000010000000005000000f401000000
2026-03-02 21:34:35,442  INFO      SEND NEW_ORDER  order_id=1  symbol=1  side=BUY  qty=5  price=500  flags=NONE
2026-03-02 21:34:35,442  DEBUG     RECV (33 bytes): 21006701010000000200000002000000010000000000000005000000e803000002
2026-03-02 21:34:35,443  INFO      RECV FILL  seq=1
2026-03-02 21:34:35,443  INFO      FILL order_id=1 qty=5 price=1000 flags=CLOSED
2026-03-02 21:34:49,343  DEBUG     SEND (42 bytes): 2a0001010300000002000000bde0e04023a228410200000000000000010000000005000000f401000000
2026-03-02 21:34:49,343  INFO      SEND NEW_ORDER  order_id=2  symbol=1  side=BUY  qty=5  price=500  flags=NONE
2026-03-02 21:34:49,344  DEBUG     RECV (33 bytes): 21006701020000000300000002000000020000000000000005000000e803000002
2026-03-02 21:34:49,344  INFO      RECV FILL  seq=2
2026-03-02 21:34:49,344  INFO      FILL order_id=2 qty=5 price=1000 flags=CLOSED
2026-03-02 21:35:31,549  DEBUG     SEND (42 bytes): 2a0001010400000002000000bde0e04023a228410100000000000000020000000005000000f401000000
2026-03-02 21:35:31,549  INFO      SEND NEW_ORDER  order_id=1  symbol=2  side=BUY  qty=5  price=500  flags=NONE
2026-03-02 21:35:31,549  DEBUG     RECV (33 bytes): 210067010300000004000000020000000100000000000000050000005401000002
2026-03-02 21:35:31,550  INFO      RECV FILL  seq=3
2026-03-02 21:35:31,550  INFO      FILL order_id=1 qty=5 price=340 flags=CLOSED
2026-03-02 21:35:59,081  DEBUG     SEND (42 bytes): 2a0001010500000002000000bde0e04023a2284101000000000000000200000000050000000100000000
2026-03-02 21:35:59,081  INFO      SEND NEW_ORDER  order_id=1  symbol=2  side=BUY  qty=5  price=1  flags=NONE
2026-03-02 21:35:59,082  DEBUG     RECV (25 bytes): 19006601040000000500000002000000010000000000000005
2026-03-02 21:35:59,082  INFO      RECV REJECT  seq=4
2026-03-02 21:35:59,082  ERROR     ORDER REJECTED  order_id=1  reason=INVALID_PRICE
2026-03-02 21:47:40,860  INFO      Connected to 192.168.13.100:1234
2026-03-02 21:47:40,860  DEBUG     SEND (52 bytes): 34006301010000000200000000000000000000007465616d3200000000000000000000003932764d333150610000000000000000
2026-03-02 21:47:40,860  INFO      SEND LOGIN  username=b'team2'  seq=1
2026-03-02 21:47:40,860  DEBUG     RECV (25 bytes): 19006401000000000100000002000000706800ccd05fe04700
2026-03-02 21:47:40,860  INFO      RECV LOGIN_RESPONSE  seq=0
2026-03-02 21:47:40,860  INFO      LOGIN SUCCESS  session_id=5179244921856485488
2026-03-02 21:47:44,459  DEBUG     SEND (42 bytes): 2a0001010200000002000000706800ccd05fe0470100000000000000010000000005000000f401000000
2026-03-02 21:47:44,460  INFO      SEND NEW_ORDER  order_id=1  symbol=1  side=BUY  qty=5  price=500  flags=NONE
2026-03-02 21:47:44,460  DEBUG     RECV (33 bytes): 21006701010000000200000002000000010000000000000005000000e803000002
2026-03-02 21:47:44,460  INFO      RECV FILL  seq=1
2026-03-02 21:47:44,460  INFO      FILL order_id=1 qty=5 price=1000 flags=CLOSED
2026-03-02 21:47:57,564  INFO      Connected to 192.168.13.100:1234
2026-03-02 21:47:57,564  DEBUG     SEND (52 bytes): 34006301010000000200000000000000000000007465616d3200000000000000000000003932764d333150610000000000000000
2026-03-02 21:47:57,564  INFO      SEND LOGIN  username=b'team2'  seq=1
2026-03-02 21:47:57,564  DEBUG     RECV (25 bytes): 1900640100000000010000000200000005e701628f593d3a00
2026-03-02 21:47:57,564  INFO      RECV LOGIN_RESPONSE  seq=0
2026-03-02 21:47:57,564  INFO      LOGIN SUCCESS  session_id=4196608900138657541
2026-03-02 21:48:02,374  DEBUG     SEND (42 bytes): 2a000101020000000200000005e701628f593d3a010000000000000001000000000500000080f0fa0200
2026-03-02 21:48:02,375  INFO      SEND NEW_ORDER  order_id=1  symbol=1  side=BUY  qty=5  price=50000000  flags=NONE
2026-03-02 21:48:02,375  DEBUG     RECV (25 bytes): 19006601010000000200000002000000010000000000000005
2026-03-02 21:48:02,375  INFO      RECV REJECT  seq=1
2026-03-02 21:48:02,375  ERROR     ORDER REJECTED  order_id=1  reason=INVALID_PRICE
2026-03-02 21:48:07,699  DEBUG     SEND (42 bytes): 2a000101030000000200000005e701628f593d3a0100000000000000010000000005000000f401000000
2026-03-02 21:48:07,699  INFO      SEND NEW_ORDER  order_id=1  symbol=1  side=BUY  qty=5  price=500  flags=NONE
2026-03-02 21:48:07,699  DEBUG     RECV (33 bytes): 21006701020000000300000002000000010000000000000005000000e803000002
2026-03-02 21:48:07,699  INFO      RECV FILL  seq=2
2026-03-02 21:48:07,700  INFO      FILL order_id=1 qty=5 price=1000 flags=CLOSED
2026-03-02 21:50:45,508  INFO      Connected to 192.168.13.100:1234
2026-03-02 21:50:45,508  DEBUG     SEND (52 bytes): 34006301010000000200000000000000000000007465616d3200000000000000000000003932764d333150610000000000000000
2026-03-02 21:50:45,508  INFO      SEND LOGIN  username=b'team2'  seq=1
2026-03-02 21:50:45,509  DEBUG     RECV (25 bytes): 19006401000000000100000002000000f61d75e94bdd909d00
2026-03-02 21:50:45,509  INFO      RECV LOGIN_RESPONSE  seq=0
2026-03-02 21:50:45,509  INFO      LOGIN SUCCESS  session_id=11353817978710072822
2026-03-02 21:50:58,620  INFO      Connected to 192.168.13.100:1234
2026-03-02 21:50:58,620  DEBUG     SEND (52 bytes): 34006301010000000200000000000000000000007465616d3200000000000000000000003932764d333150610000000000000000
2026-03-02 21:50:58,620  INFO      SEND LOGIN  username=b'team2'  seq=1
2026-03-02 21:50:58,620  DEBUG     RECV (25 bytes): 19006401000000000100000002000000eb28aba9418257a500
2026-03-02 21:50:58,620  INFO      RECV LOGIN_RESPONSE  seq=0
2026-03-02 21:50:58,620  INFO      LOGIN SUCCESS  session_id=11914134557762988267
2026-03-02 21:52:29,227  INFO      Connected to 192.168.13.100:1234
2026-03-02 21:52:29,227  DEBUG     SEND (52 bytes): 34006301010000000200000000000000000000007465616d3200000000000000000000003932764d333150610000000000000000
2026-03-02 21:52:29,228  INFO      SEND LOGIN  username=b'team2'  seq=1
2026-03-02 21:52:29,228  DEBUG     RECV (25 bytes): 1900640100000000010000000200000041d369d364bd67a700
2026-03-02 21:52:29,228  INFO      RECV LOGIN_RESPONSE  seq=0
2026-03-02 21:52:29,228  INFO      LOGIN SUCCESS  session_id=12062818367676470081
2026-03-02 21:52:35,578  DEBUG     SEND (42 bytes): 2a000101020000000200000041d369d364bd67a701000000000000000200000000050000002800000000
2026-03-02 21:52:35,578  INFO      SEND NEW_ORDER  order_id=1  symbol=2  side=BUY  qty=5  price=40  flags=NONE
2026-03-02 21:52:35,578  DEBUG     RECV (33 bytes): 210067010100000002000000020000000100000000000000050000004f01000002
2026-03-02 21:52:35,578  INFO      RECV FILL  seq=1
2026-03-02 22:23:44,482  INFO      Connected to 192.168.13.100:1234
2026-03-02 22:23:44,482  DEBUG     SEND (52 bytes): 34006301010000000200000000000000000000007465616d3200000000000000000000003932764d333150610000000000000000
2026-03-02 22:23:44,482  INFO      SEND LOGIN  username=b'team2'  seq=1
2026-03-02 22:23:44,482  DEBUG     RECV (25 bytes): 1900640100000000010000000200000046402422f17f1d8c00
2026-03-02 22:23:44,483  INFO      RECV LOGIN_RESPONSE  seq=0
2026-03-02 22:23:44,483  INFO      LOGIN SUCCESS  session_id=10096366613271167046
2026-03-02 22:24:06,956  DEBUG     SEND (42 bytes): 2a000101020000000200000046402422f17f1d8c0100000000000000010000000005000000f401000000
2026-03-02 22:24:06,957  INFO      SEND NEW_ORDER  order_id=1  symbol=1  side=BUY  qty=5  price=500  flags=NONE
2026-03-02 22:24:06,957  DEBUG     RECV (33 bytes): 21006701010000000200000002000000010000000000000005000000e803000002
2026-03-02 22:24:06,957  INFO      RECV FILL  seq=1
2026-03-02 22:24:06,957  INFO      FILL order_id=1 qty=5 price=1000 flags=CLOSED
2026-03-02 22:24:48,850  DEBUG     SEND (42 bytes): 2a000101030000000200000046402422f17f1d8c0100000000000000010000000005000000f401000000
2026-03-02 22:24:48,850  INFO      SEND NEW_ORDER  order_id=1  symbol=1  side=BUY  qty=5  price=500  flags=NONE
2026-03-02 22:24:48,851  DEBUG     RECV (33 bytes): 21006701020000000300000002000000010000000000000005000000e803000002
2026-03-02 22:24:48,851  INFO      RECV FILL  seq=2
2026-03-02 22:24:48,851  INFO      FILL order_id=1 qty=5 price=1000 flags=CLOSED
2026-03-03 01:07:23,974  INFO      Connected to 192.168.13.100:1234
2026-03-03 01:07:23,974  DEBUG     SEND (52 bytes): 34006301010000000200000000000000000000007465616d3200000000000000000000003932764d333150610000000000000000
2026-03-03 01:07:23,974  INFO      SEND LOGIN  username=b'team2'  seq=1
2026-03-03 01:07:23,974  DEBUG     RECV (25 bytes): 190064010000000001000000020000001c64db018069762d00
2026-03-03 01:07:23,974  INFO      RECV LOGIN_RESPONSE  seq=0
2026-03-03 01:07:23,974  INFO      LOGIN SUCCESS  session_id=3275921777466500124
2026-03-03 01:07:59,705  INFO      Connected to 192.168.13.100:1234
2026-03-03 01:07:59,705  DEBUG     SEND (52 bytes): 34006301010000000200000000000000000000007465616d3200000000000000000000003932764d333150610000000000000000
2026-03-03 01:07:59,705  INFO      SEND LOGIN  username=b'team2'  seq=1
2026-03-03 01:07:59,705  DEBUG     RECV (25 bytes): 190064010000000001000000020000008f4b008f031aec1900
2026-03-03 01:07:59,705  INFO      RECV LOGIN_RESPONSE  seq=0
2026-03-03 01:07:59,705  INFO      LOGIN SUCCESS  session_id=1867896548038298511
2026-03-03 01:08:11,786  DEBUG     SEND (42 bytes): 2a00010102000000020000008f4b008f031aec1901000000000000000100000000050000001400000000
2026-03-03 01:08:11,786  INFO      SEND NEW_ORDER  order_id=1  symbol=1  side=BUY  qty=5  price=20  flags=NONE
2026-03-03 01:08:11,786  DEBUG     RECV (33 bytes): 21006701010000000200000002000000010000000000000005000000e803000002
2026-03-03 01:08:11,787  INFO      RECV FILL  seq=1
2026-03-03 01:08:11,787  INFO      FILL order_id=1 qty=5 price=1000 flags=CLOSED
2026-03-03 01:12:41,600  INFO      Connected to 192.168.13.100:1234
2026-03-03 01:12:41,600  DEBUG     SEND (52 bytes): 34006301010000000200000000000000000000007465616d3200000000000000000000003932764d333150610000000000000000
2026-03-03 01:12:41,600  INFO      SEND LOGIN  username=b'team2'  seq=1
2026-03-03 01:12:41,600  DEBUG     RECV (25 bytes): 190064010000000001000000020000005526a489e9ed6b7100
2026-03-03 01:12:41,600  INFO      RECV LOGIN_RESPONSE  seq=0
2026-03-03 01:12:41,600  INFO      LOGIN SUCCESS  session_id=8172887536086296149
2026-03-03 01:12:53,897  DEBUG     SEND (42 bytes): 2a00010102000000020000005526a489e9ed6b710100000000000000010000000105000000f401000000
2026-03-03 01:12:53,898  INFO      SEND NEW_ORDER  order_id=1  symbol=1  side=BUY  qty=5  price=500  flags=NONE
2026-03-03 01:12:53,898  DEBUG     RECV (40 bytes): 280065010100000002000000020000000100000000000000c23f737a4d9d0c0005000000f4010000
2026-03-03 01:12:53,898  INFO      RECV ACK  seq=1
2026-03-03 01:12:53,898  INFO      ACK order_id=1 exch_order_id=3550655812943810
2026-03-03 01:13:14,957  DEBUG     SEND (42 bytes): 2a00010103000000020000005526a489e9ed6b710200000000000000010000000203000000ae06000000
2026-03-03 01:13:14,957  INFO      SEND NEW_ORDER  order_id=2  symbol=1  side=SELL  qty=3  price=1710  flags=NONE
2026-03-03 01:13:14,957  DEBUG     RECV (40 bytes): 280065010200000003000000020000000200000000000000e334b161529d0c0003000000ae060000
2026-03-03 01:13:14,957  INFO      RECV ACK  seq=2
2026-03-03 01:13:14,957  INFO      ACK order_id=2 exch_order_id=3550676872410339
2026-03-03 01:13:36,334  DEBUG     SEND (42 bytes): 2a00010104000000020000005526a489e9ed6b7103000000000000000200000001070000005000000000
2026-03-03 01:13:36,334  INFO      SEND NEW_ORDER  order_id=3  symbol=2  side=BUY  qty=7  price=80  flags=NONE
2026-03-03 01:13:36,334  DEBUG     RECV (40 bytes): 2800650103000000040000000200000003000000000000002274e35b579d0c000700000050000000
2026-03-03 01:13:36,334  INFO      RECV ACK  seq=3
2026-03-03 01:13:36,335  INFO      ACK order_id=3 exch_order_id=3550698249876514
2026-03-03 01:14:05,662  DEBUG     SEND (42 bytes): 2a00010105000000020000005526a489e9ed6b710400000000000000020000000202000000ad02000000
2026-03-03 01:14:05,663  INFO      SEND NEW_ORDER  order_id=4  symbol=2  side=SELL  qty=2  price=685  flags=NONE
2026-03-03 01:14:05,663  DEBUG     RECV (40 bytes): 280065010400000005000000020000000400000000000000be440d305e9d0c0002000000ad020000
2026-03-03 01:14:05,663  INFO      RECV ACK  seq=4
2026-03-03 01:14:05,663  INFO      ACK order_id=4 exch_order_id=3550727579190462
2026-03-03 01:14:26,072  DEBUG     SEND (42 bytes): 2a00010106000000020000005526a489e9ed6b710500000000000000010000000105000000bb04000000
2026-03-03 01:14:26,073  INFO      SEND NEW_ORDER  order_id=5  symbol=1  side=BUY  qty=5  price=1211  flags=NONE
2026-03-03 01:14:26,073  DEBUG     RECV (25 bytes): 19006601050000000600000002000000050000000000000005
2026-03-03 01:14:26,073  INFO      RECV REJECT  seq=5
2026-03-03 01:14:26,073  ERROR     ORDER REJECTED  order_id=5  reason=INVALID_PRICE
2026-03-03 01:15:02,226  DEBUG     SEND (42 bytes): 2a00010107000000020000005526a489e9ed6b710400000000000000020000000202000000ad02000000
2026-03-03 01:15:02,226  INFO      SEND NEW_ORDER  order_id=4  symbol=2  side=SELL  qty=2  price=685  flags=NONE
2026-03-03 01:15:02,227  DEBUG     RECV (25 bytes): 19006601060000000700000002000000040000000000000003
2026-03-03 01:15:02,227  INFO      RECV REJECT  seq=6
2026-03-03 01:15:02,227  ERROR     ORDER REJECTED  order_id=4  reason=DUPLICATE_ORDER_ID
2026-03-03 01:15:21,164  DEBUG     SEND (42 bytes): 2a00010108000000020000005526a489e9ed6b710600000000000000010000000100000000f401000000
2026-03-03 01:15:21,164  INFO      SEND NEW_ORDER  order_id=6  symbol=1  side=BUY  qty=0  price=500  flags=NONE
2026-03-03 01:15:21,164  DEBUG     RECV (25 bytes): 19006601070000000800000002000000060000000000000006
2026-03-03 01:15:21,165  INFO      RECV REJECT  seq=7
2026-03-03 01:15:21,165  ERROR     ORDER REJECTED  order_id=6  reason=INVALID_QUANTITY
2026-03-03 01:15:35,804  DEBUG     SEND (42 bytes): 2a00010109000000020000005526a489e9ed6b710700000000000000010000000104000000ba04000000
2026-03-03 01:15:35,804  INFO      SEND NEW_ORDER  order_id=7  symbol=1  side=BUY  qty=4  price=1210  flags=NONE
2026-03-03 01:15:35,805  DEBUG     RECV (33 bytes): 21006701080000000900000002000000070000000000000004000000ba04000002
2026-03-03 01:15:35,805  INFO      RECV FILL  seq=8
2026-03-03 01:15:35,805  INFO      FILL order_id=7 qty=4 price=1210 flags=CLOSED
2026-03-03 01:16:20,005  DEBUG     SEND (28 bytes): 1c0002010a000000020000005526a489e9ed6b710200000000000000
2026-03-03 01:16:20,005  INFO      SEND DELETE_ORDER  order_id=2
2026-03-03 01:16:20,005  DEBUG     RECV (24 bytes): 18006801090000000a000000020000000200000000000000
2026-03-03 01:16:20,005  INFO      RECV CLOSE  seq=9
2026-03-03 01:16:20,006  INFO      CLOSE order_id=2
2026-03-03 01:17:35,112  DEBUG     SEND (37 bytes): 250003010b000000020000005526a489e9ed6b7102000000000000000203000000e6050000
2026-03-03 01:17:35,112  INFO      SEND MODIFY_ORDER  order_id=2  side=SELL  qty=3  price=1510
2026-03-03 01:17:35,113  DEBUG     RECV (25 bytes): 190066010a0000000b00000002000000020000000000000004
2026-03-03 01:17:35,113  INFO      RECV REJECT  seq=10
2026-03-03 01:17:35,113  ERROR     ORDER REJECTED  order_id=2  reason=UNKNOWN_ORDER_ID
2026-03-03 01:17:58,957  DEBUG     SEND (37 bytes): 250003010c000000020000005526a489e9ed6b71040000000000000002020000004a010000
2026-03-03 01:17:58,957  INFO      SEND MODIFY_ORDER  order_id=4  side=SELL  qty=2  price=330
2026-03-03 01:17:58,957  DEBUG     RECV (33 bytes): 210067010b0000000c000000020000000400000000000000020000004a01000002
2026-03-03 01:17:58,957  INFO      RECV FILL  seq=11
2026-03-03 01:17:58,958  INFO      FILL order_id=4 qty=2 price=330 flags=CLOSED
2026-03-03 01:19:08,440  DEBUG     SEND (37 bytes): 250003010d000000020000005526a489e9ed6b7102000000000000000203000000e6050000
2026-03-03 01:19:08,440  INFO      SEND MODIFY_ORDER  order_id=2  side=SELL  qty=3  price=1510
2026-03-03 01:19:08,440  DEBUG     RECV (25 bytes): 190066010c0000000d00000002000000020000000000000004
2026-03-03 01:19:08,440  INFO      RECV REJECT  seq=12
2026-03-03 01:19:08,441  ERROR     ORDER REJECTED  order_id=2  reason=UNKNOWN_ORDER_ID
2026-03-03 01:30:50,909  DEBUG     SEND (42 bytes): 2a0001010e000000020000005526a489e9ed6b710800000000000000010000000203000000b004000000
2026-03-03 01:30:50,909  INFO      SEND NEW_ORDER  order_id=8  symbol=1  side=SELL  qty=3  price=1200  flags=NONE
2026-03-03 01:30:50,909  DEBUG     RECV (40 bytes): 280065010d0000000e00000002000000080000000000000016be773e489e0c0003000000b0040000
2026-03-03 01:30:50,909  INFO      RECV ACK  seq=13
2026-03-03 01:30:50,910  INFO      ACK order_id=8 exch_order_id=3551732843396630
2026-03-03 01:31:06,097  DEBUG     SEND (37 bytes): 250003010f000000020000005526a489e9ed6b7108000000000000000203000000f4010000
2026-03-03 01:31:06,098  INFO      SEND MODIFY_ORDER  order_id=8  side=SELL  qty=3  price=500
2026-03-03 01:31:06,098  DEBUG     RECV (33 bytes): 210067010e0000000000000002000000080000000000000001000000b004000001
2026-03-03 01:31:06,098  INFO      RECV FILL  seq=14
2026-03-03 01:31:06,098  DEBUG     RECV (33 bytes): 210067010f0000000000000002000000080000000000000001000000b004000001
2026-03-03 01:31:06,098  INFO      RECV FILL  seq=15
2026-03-03 01:31:06,098  DEBUG     RECV (33 bytes): 21006701100000000f00000002000000080000000000000001000000e803000002
2026-03-03 01:31:06,099  INFO      RECV FILL  seq=16
2026-03-03 01:31:06,099  INFO      FILL order_id=8 qty=1 price=1200 flags=PARTIAL_FILL
2026-03-03 01:31:06,099  INFO      FILL order_id=8 qty=1 price=1200 flags=PARTIAL_FILL
2026-03-03 01:31:06,099  INFO      FILL order_id=8 qty=1 price=1000 flags=CLOSED
